<?xml version="1.0" encoding="UTF-8"?>
<!-- Generated by org.testng.reporters.JUnitReportReporter -->
<testsuite hostname="DESKTOP-VU5G92M" failures="0" tests="1" name="bd.com.test.Demo" time="27.364" errors="0" timestamp="2021-11-06T22:10:01 BDT" skipped="0">
  <testcase classname="bd.com.test.Demo" name="DemoTest" time="27.364"/>
  <system-out/>
</testsuite> <!-- bd.com.test.Demo -->
